<?xml version="1.0" encoding="UTF-8"?>
<robot generator="Robot 3.1.2 (Python 3.8.2 on darwin)" generated="20200422 17:59:10.041" rpa="false">
<suite id="s1" name="Login" source="/Users/gabrielaambos/qaninja/ninjapixel/tests/login.robot">
<test id="s1-t1" name="Login com sucesso">
<kw name="Dado que eu acesso a página de login">
<kw name="Open Browser" library="SeleniumLibrary">
<doc>Opens a new browser instance to the optional ``url``.</doc>
<arguments>
<arg>http://pixel-web:3000/login</arg>
<arg>safari</arg>
</arguments>
<msg timestamp="20200422 17:59:10.533" level="INFO">Opening browser 'safari' to base url 'http://pixel-web:3000/login'.</msg>
<status status="PASS" starttime="20200422 17:59:10.533" endtime="20200422 17:59:13.655"></status>
</kw>
<status status="PASS" starttime="20200422 17:59:10.532" endtime="20200422 17:59:13.656"></status>
</kw>
<kw name="Quando eu submeto minhas credenciais &quot;sapphire@ninjapixel.com&quot; e &quot;pwd123&quot;">
<kw name="Input Text" library="SeleniumLibrary">
<doc>Types the given ``text`` into the text field identified by ``locator``.</doc>
<arguments>
<arg>id:emailId</arg>
<arg>${email}</arg>
</arguments>
<msg timestamp="20200422 17:59:13.660" level="INFO">Typing text 'sapphire@ninjapixel.com' into text field 'id:emailId'.</msg>
<status status="PASS" starttime="20200422 17:59:13.659" endtime="20200422 17:59:14.127"></status>
</kw>
<kw name="Input Text" library="SeleniumLibrary">
<doc>Types the given ``text`` into the text field identified by ``locator``.</doc>
<arguments>
<arg>id:passId</arg>
<arg>${pass}</arg>
</arguments>
<msg timestamp="20200422 17:59:14.129" level="INFO">Typing text 'pwd123' into text field 'id:passId'.</msg>
<status status="PASS" starttime="20200422 17:59:14.127" endtime="20200422 17:59:14.233"></status>
</kw>
<kw name="Click Element" library="SeleniumLibrary">
<doc>Click the element identified by ``locator``.</doc>
<arguments>
<arg>class:btn</arg>
</arguments>
<msg timestamp="20200422 17:59:14.233" level="INFO">Clicking element 'class:btn'.</msg>
<status status="PASS" starttime="20200422 17:59:14.233" endtime="20200422 17:59:14.287"></status>
</kw>
<status status="PASS" starttime="20200422 17:59:13.658" endtime="20200422 17:59:14.287"></status>
</kw>
<kw name="Entao devo ser autenticado">
<kw name="Wait Until Page Contains" library="SeleniumLibrary">
<doc>Waits until ``text`` appears on the current page.</doc>
<arguments>
<arg>Sapphire</arg>
</arguments>
<status status="PASS" starttime="20200422 17:59:14.289" endtime="20200422 17:59:15.024"></status>
</kw>
<kw name="Close Browser" library="SeleniumLibrary">
<doc>Closes the current browser.</doc>
<status status="PASS" starttime="20200422 17:59:15.024" endtime="20200422 17:59:15.092"></status>
</kw>
<status status="PASS" starttime="20200422 17:59:14.288" endtime="20200422 17:59:15.092"></status>
</kw>
<status status="PASS" starttime="20200422 17:59:10.532" endtime="20200422 17:59:15.093" critical="yes"></status>
</test>
<test id="s1-t2" name="Senha incorreta">
<kw name="Dado que eu acesso a página de login">
<kw name="Open Browser" library="SeleniumLibrary">
<doc>Opens a new browser instance to the optional ``url``.</doc>
<arguments>
<arg>http://pixel-web:3000/login</arg>
<arg>safari</arg>
</arguments>
<msg timestamp="20200422 17:59:15.098" level="INFO">Opening browser 'safari' to base url 'http://pixel-web:3000/login'.</msg>
<status status="PASS" starttime="20200422 17:59:15.097" endtime="20200422 17:59:18.727"></status>
</kw>
<status status="PASS" starttime="20200422 17:59:15.096" endtime="20200422 17:59:18.727"></status>
</kw>
<kw name="Quando eu submeto minhas credenciais com senha incorreta">
<kw name="Input Text" library="SeleniumLibrary">
<doc>Types the given ``text`` into the text field identified by ``locator``.</doc>
<arguments>
<arg>id:emailId</arg>
<arg>sapphire@ninjapixel.com</arg>
</arguments>
<msg timestamp="20200422 17:59:18.730" level="INFO">Typing text 'sapphire@ninjapixel.com' into text field 'id:emailId'.</msg>
<status status="PASS" starttime="20200422 17:59:18.729" endtime="20200422 17:59:19.207"></status>
</kw>
<kw name="Input Text" library="SeleniumLibrary">
<doc>Types the given ``text`` into the text field identified by ``locator``.</doc>
<arguments>
<arg>id:passId</arg>
<arg>123456</arg>
</arguments>
<msg timestamp="20200422 17:59:19.208" level="INFO">Typing text '123456' into text field 'id:passId'.</msg>
<status status="PASS" starttime="20200422 17:59:19.207" endtime="20200422 17:59:19.298"></status>
</kw>
<kw name="Click Element" library="SeleniumLibrary">
<doc>Click the element identified by ``locator``.</doc>
<arguments>
<arg>class:btn</arg>
</arguments>
<msg timestamp="20200422 17:59:19.298" level="INFO">Clicking element 'class:btn'.</msg>
<status status="PASS" starttime="20200422 17:59:19.298" endtime="20200422 17:59:19.348"></status>
</kw>
<status status="PASS" starttime="20200422 17:59:18.728" endtime="20200422 17:59:19.349"></status>
</kw>
<kw name="Entao devo ver uma mensagem de alerta &quot;Usuário e/ou senha inválidos&quot;">
<kw name="Wait Until Page Contains" library="SeleniumLibrary">
<doc>Waits until ``text`` appears on the current page.</doc>
<arguments>
<arg>${message}</arg>
</arguments>
<status status="PASS" starttime="20200422 17:59:19.350" endtime="20200422 17:59:19.586"></status>
</kw>
<kw name="Close Browser" library="SeleniumLibrary">
<doc>Closes the current browser.</doc>
<status status="PASS" starttime="20200422 17:59:19.586" endtime="20200422 17:59:19.612"></status>
</kw>
<status status="PASS" starttime="20200422 17:59:19.349" endtime="20200422 17:59:19.612"></status>
</kw>
<status status="PASS" starttime="20200422 17:59:15.094" endtime="20200422 17:59:19.616" critical="yes"></status>
</test>
<doc>Login
Sendo um administrador de catálogo
Quero me autenticar no sistema
Para que eu possa gerenciar os meus produtos</doc>
<status status="PASS" starttime="20200422 17:59:10.044" endtime="20200422 17:59:19.618"></status>
</suite>
<statistics>
<total>
<stat pass="2" fail="0">Critical Tests</stat>
<stat pass="2" fail="0">All Tests</stat>
</total>
<tag>
</tag>
<suite>
<stat pass="2" fail="0" id="s1" name="Login">Login</stat>
</suite>
</statistics>
<errors>
</errors>
</robot>
