<?xml version="1.0" encoding="UTF-8"?>
<robot generator="Robot 3.1.2 (Python 3.8.2 on darwin)" generated="20200426 14:18:18.559" rpa="false">
<suite id="s1" name="Cadastro" source="/Users/gabrielaambos/qaninja/ninjapixel/tests/cadastro.robot">
<test id="s1-t1" name="Cadastrar novo produto">
<kw name="Open" library="BasePage" type="setup">
<kw name="Open Browser" library="SeleniumLibrary">
<doc>Opens a new browser instance to the optional ``url``.</doc>
<arguments>
<arg>http://pixel-web:3000/login</arg>
<arg>chrome</arg>
</arguments>
<msg timestamp="20200426 14:18:18.746" level="INFO">Opening browser 'chrome' to base url 'http://pixel-web:3000/login'.</msg>
<status status="PASS" starttime="20200426 14:18:18.745" endtime="20200426 14:18:25.006"></status>
</kw>
<kw name="Set Selenium Implicit Wait" library="SeleniumLibrary">
<doc>Sets the implicit wait value used by Selenium.</doc>
<arguments>
<arg>10</arg>
</arguments>
<status status="PASS" starttime="20200426 14:18:25.009" endtime="20200426 14:18:25.012"></status>
</kw>
<status status="PASS" starttime="20200426 14:18:18.745" endtime="20200426 14:18:25.013"></status>
</kw>
<kw name="Dado que eu estou logado">
<kw name="Login With" library="LoginPage">
<arguments>
<arg>sapphire@ninjapixel.com</arg>
<arg>pwd123</arg>
</arguments>
<kw name="Input Text" library="SeleniumLibrary">
<doc>Types the given ``text`` into the text field identified by ``locator``.</doc>
<arguments>
<arg>id:emailId</arg>
<arg>${email}</arg>
</arguments>
<msg timestamp="20200426 14:18:25.017" level="INFO">Typing text 'sapphire@ninjapixel.com' into text field 'id:emailId'.</msg>
<status status="PASS" starttime="20200426 14:18:25.016" endtime="20200426 14:18:25.370"></status>
</kw>
<kw name="Input Text" library="SeleniumLibrary">
<doc>Types the given ``text`` into the text field identified by ``locator``.</doc>
<arguments>
<arg>id:passId</arg>
<arg>${pass}</arg>
</arguments>
<msg timestamp="20200426 14:18:25.370" level="INFO">Typing text 'pwd123' into text field 'id:passId'.</msg>
<status status="PASS" starttime="20200426 14:18:25.370" endtime="20200426 14:18:25.521"></status>
</kw>
<kw name="Click Element" library="SeleniumLibrary">
<doc>Click the element identified by ``locator``.</doc>
<arguments>
<arg>class:btn</arg>
</arguments>
<msg timestamp="20200426 14:18:25.521" level="INFO">Clicking element 'class:btn'.</msg>
<status status="PASS" starttime="20200426 14:18:25.521" endtime="20200426 14:18:25.606"></status>
</kw>
<status status="PASS" starttime="20200426 14:18:25.015" endtime="20200426 14:18:25.606"></status>
</kw>
<status status="PASS" starttime="20200426 14:18:25.014" endtime="20200426 14:18:25.607"></status>
</kw>
<kw name="Quando eu faço o cadastro de um novo produto">
<arguments>
<arg>${dk}</arg>
</arguments>
<kw name="Click Element" library="SeleniumLibrary">
<doc>Click the element identified by ``locator``.</doc>
<arguments>
<arg>class:product-add</arg>
</arguments>
<msg timestamp="20200426 14:18:25.609" level="INFO">Clicking element 'class:product-add'.</msg>
<status status="PASS" starttime="20200426 14:18:25.608" endtime="20200426 14:18:26.314"></status>
</kw>
<kw name="Input Text" library="SeleniumLibrary">
<doc>Types the given ``text`` into the text field identified by ``locator``.</doc>
<arguments>
<arg>css:input[name=title]</arg>
<arg>${product['name']}</arg>
</arguments>
<msg timestamp="20200426 14:18:26.315" level="INFO">Typing text 'Donkey Kong' into text field 'css:input[name=title]'.</msg>
<status status="PASS" starttime="20200426 14:18:26.314" endtime="20200426 14:18:26.996"></status>
</kw>
<kw name="Click Element" library="SeleniumLibrary">
<doc>Click the element identified by ``locator``.</doc>
<arguments>
<arg>css:input[placeholder=Gategoria]</arg>
</arguments>
<msg timestamp="20200426 14:18:26.997" level="INFO">Clicking element 'css:input[placeholder=Gategoria]'.</msg>
<status status="PASS" starttime="20200426 14:18:26.996" endtime="20200426 14:18:27.106"></status>
</kw>
<kw name="Click Element" library="SeleniumLibrary">
<doc>Click the element identified by ``locator``.</doc>
<arguments>
<arg>xpath://li/span[text()='${product['category']}']</arg>
</arguments>
<msg timestamp="20200426 14:18:27.108" level="INFO">Clicking element 'xpath://li/span[text()='Super Nintendo']'.</msg>
<status status="PASS" starttime="20200426 14:18:27.107" endtime="20200426 14:18:27.251"></status>
</kw>
<kw name="Input Text" library="SeleniumLibrary">
<doc>Types the given ``text`` into the text field identified by ``locator``.</doc>
<arguments>
<arg>css:input[name=price]</arg>
<arg>${product['price']}</arg>
</arguments>
<msg timestamp="20200426 14:18:27.252" level="INFO">Typing text '49.99' into text field 'css:input[name=price]'.</msg>
<status status="PASS" starttime="20200426 14:18:27.251" endtime="20200426 14:18:27.453"></status>
</kw>
<kw name="Input Text" library="SeleniumLibrary">
<doc>Types the given ``text`` into the text field identified by ``locator``.</doc>
<arguments>
<arg>css:textarea[name=description]</arg>
<arg>${product['description']}</arg>
</arguments>
<msg timestamp="20200426 14:18:27.454" level="INFO">Typing text 'Um jogo muito divertido!' into text field 'css:textarea[name=description]'.</msg>
<status status="PASS" starttime="20200426 14:18:27.454" endtime="20200426 14:18:27.850"></status>
</kw>
<kw name="Sleep" library="BuiltIn">
<doc>Pauses the test executed for the given time.</doc>
<arguments>
<arg>5</arg>
</arguments>
<msg timestamp="20200426 14:18:32.853" level="INFO">Slept 5 seconds</msg>
<status status="PASS" starttime="20200426 14:18:27.850" endtime="20200426 14:18:32.853"></status>
</kw>
<status status="PASS" starttime="20200426 14:18:25.607" endtime="20200426 14:18:32.853"></status>
</kw>
<kw name="Então vejo ele no catálogo">
<msg timestamp="20200426 14:18:32.866" level="FAIL">No keyword with name 'Então vejo ele no catálogo' found.</msg>
<status status="FAIL" starttime="20200426 14:18:32.866" endtime="20200426 14:18:32.866"></status>
</kw>
<kw name="Close" library="BasePage" type="teardown">
<kw name="Close Browser" library="SeleniumLibrary">
<doc>Closes the current browser.</doc>
<status status="PASS" starttime="20200426 14:18:32.867" endtime="20200426 14:18:33.050"></status>
</kw>
<status status="PASS" starttime="20200426 14:18:32.867" endtime="20200426 14:18:33.050"></status>
</kw>
<status status="FAIL" starttime="20200426 14:18:18.744" endtime="20200426 14:18:33.050" critical="yes">No keyword with name 'Então vejo ele no catálogo' found.</status>
</test>
<doc>Cadastrar um produto
Sendo um administrador de catálogo
Quero cadastrar produtos
Para que eu disponibiliza-los na loja virtual</doc>
<status status="FAIL" starttime="20200426 14:18:18.561" endtime="20200426 14:18:33.053"></status>
</suite>
<statistics>
<total>
<stat pass="0" fail="1">Critical Tests</stat>
<stat pass="0" fail="1">All Tests</stat>
</total>
<tag>
</tag>
<suite>
<stat pass="0" fail="1" id="s1" name="Cadastro">Cadastro</stat>
</suite>
</statistics>
<errors>
</errors>
</robot>
